<?xml version="1.0" encoding="UTF-8"?>
<!-- Generated by org.testng.reporters.JUnitReportReporter -->
<testsuite hostname="TueMinh" failures="0" tests="2" name="getElement" time="17.915" errors="0" timestamp="29 May 2023 08:13:30 GMT" skipped="0">
  <testcase classname="getElement" name="dangnhap" time="7.025"/>
  <testcase classname="getElement" name="getUsername" time="10.890"/>
</testsuite> <!-- getElement -->
