<?xml version="1.0" encoding="UTF-8"?>
<!-- Generated by org.testng.reporters.JUnitReportReporter -->
<testsuite hostname="TueMinh" failures="0" tests="2" name="automationlearning.h1" time="18.292" errors="0" timestamp="22 May 2023 20:28:44 GMT" skipped="0">
  <testcase classname="automationlearning.h1" name="dangnhap" time="7.130"/>
  <testcase classname="automationlearning.h1" name="getUsername" time="11.162"/>
</testsuite> <!-- automationlearning.h1 -->
