<?xml version="1.0" encoding="UTF-8"?>
<!-- Generated by org.testng.reporters.JUnitReportReporter -->
<testsuite hostname="TueMinh" failures="0" tests="4" name="webdriver.Topic1_CheckEnvironment" time="10.269" errors="0" timestamp="22 May 2023 20:09:09 GMT" skipped="0">
  <testcase classname="webdriver.Topic1_CheckEnvironment" name="TC_02_ValidatePageTitle" time="0.009"/>
  <testcase classname="webdriver.Topic1_CheckEnvironment" name="TC_03_LoginFormDisplayed" time="0.056"/>
  <testcase classname="webdriver.Topic1_CheckEnvironment" name="TC_01_ValidateCurrentUrl" time="0.011"/>
  <testcase classname="webdriver.Topic1_CheckEnvironment" name="TC_04_LoginSuccess" time="10.193"/>
</testsuite> <!-- webdriver.Topic1_CheckEnvironment -->
