<?xml version="1.0" encoding="UTF-8"?>
<!-- Generated by org.testng.reporters.JUnitReportReporter -->
<testsuite hostname="TueMinh" failures="0" tests="4" name="webdriver.Topic1_CheckEnvironment" time="10.331" errors="0" timestamp="29 May 2023 06:15:08 GMT" skipped="0">
  <testcase classname="webdriver.Topic1_CheckEnvironment" name="TC_03_LoginFormDisplayed" time="0.050"/>
  <testcase classname="webdriver.Topic1_CheckEnvironment" name="TC_04_LoginSuccess" time="10.261"/>
  <testcase classname="webdriver.Topic1_CheckEnvironment" name="TC_01_ValidateCurrentUrl" time="0.013"/>
  <testcase classname="webdriver.Topic1_CheckEnvironment" name="TC_02_ValidatePageTitle" time="0.007"/>
</testsuite> <!-- webdriver.Topic1_CheckEnvironment -->
